<?xml version="1.0" encoding="UTF-8"?>
<testng-results skipped="0" failed="2" ignored="0" total="10" passed="8">
  <reporter-output>
  </reporter-output>
  <suite name="Default suite" duration-ms="281615" started-at="2018-04-14T08:31:59Z" finished-at="2018-04-14T08:36:40Z">
    <groups>
    </groups>
    <test name="Default test" duration-ms="281615" started-at="2018-04-14T08:31:59Z" finished-at="2018-04-14T08:36:40Z">
      <class name="com.scp.testclasses.OrangeHRMLoginTest">
        <test-method status="FAIL" signature="check_user_login_with_valid_credetials_should_display_dashboard()[pri:0, instance:com.scp.testclasses.OrangeHRMLoginTest@14acaea5]" name="check_user_login_with_valid_credetials_should_display_dashboard" duration-ms="16915" started-at="2018-04-14T14:01:59Z" finished-at="2018-04-14T14:02:16Z">
          <exception class="org.openqa.selenium.NoSuchElementException">
            <message>
              <![CDATA[Unable to locate element: #welcome
For documentation on this error, please visit: http://seleniumhq.org/exceptions/no_such_element.html
Build info: version: '3.4.0', revision: 'unknown', time: 'unknown'
System info: host: 'DESKTOP-0KDP1L5', ip: '192.168.43.27', os.name: 'Windows 10', os.arch: 'amd64', os.version: '10.0', java.version: '1.8.0_144'
Driver info: org.openqa.selenium.firefox.FirefoxDriver
Capabilities [{moz:profile=C:\Users\Yogesh\AppData\Local\Temp\rust_mozprofile.lp4IMgzavbt7, rotatable=false, timeouts={implicit=0.0, pageLoad=300000.0, script=30000.0}, pageLoadStrategy=normal, moz:headless=false, platform=ANY, specificationLevel=0.0, moz:accessibilityChecks=false, acceptInsecureCerts=false, browserVersion=56.0, platformVersion=10.0, moz:processID=2492.0, browserName=firefox, javascriptEnabled=true, platformName=windows_nt}]
Session ID: f055a340-d667-4711-9146-d04c7bd658ec
*** Element info: {Using=id, value=welcome}]]>
            </message>
            <full-stacktrace>
              <![CDATA[org.openqa.selenium.NoSuchElementException: Unable to locate element: #welcome
For documentation on this error, please visit: http://seleniumhq.org/exceptions/no_such_element.html
Build info: version: '3.4.0', revision: 'unknown', time: 'unknown'
System info: host: 'DESKTOP-0KDP1L5', ip: '192.168.43.27', os.name: 'Windows 10', os.arch: 'amd64', os.version: '10.0', java.version: '1.8.0_144'
Driver info: org.openqa.selenium.firefox.FirefoxDriver
Capabilities [{moz:profile=C:\Users\Yogesh\AppData\Local\Temp\rust_mozprofile.lp4IMgzavbt7, rotatable=false, timeouts={implicit=0.0, pageLoad=300000.0, script=30000.0}, pageLoadStrategy=normal, moz:headless=false, platform=ANY, specificationLevel=0.0, moz:accessibilityChecks=false, acceptInsecureCerts=false, browserVersion=56.0, platformVersion=10.0, moz:processID=2492.0, browserName=firefox, javascriptEnabled=true, platformName=windows_nt}]
Session ID: f055a340-d667-4711-9146-d04c7bd658ec
*** Element info: {Using=id, value=welcome}
	at sun.reflect.NativeConstructorAccessorImpl.newInstance0(Native Method)
	at sun.reflect.NativeConstructorAccessorImpl.newInstance(NativeConstructorAccessorImpl.java:62)
	at sun.reflect.DelegatingConstructorAccessorImpl.newInstance(DelegatingConstructorAccessorImpl.java:45)
	at java.lang.reflect.Constructor.newInstance(Constructor.java:423)
	at org.openqa.selenium.remote.http.W3CHttpResponseCodec.createException(W3CHttpResponseCodec.java:150)
	at org.openqa.selenium.remote.http.W3CHttpResponseCodec.decode(W3CHttpResponseCodec.java:115)
	at org.openqa.selenium.remote.http.W3CHttpResponseCodec.decode(W3CHttpResponseCodec.java:45)
	at org.openqa.selenium.remote.HttpCommandExecutor.execute(HttpCommandExecutor.java:164)
	at org.openqa.selenium.remote.service.DriverCommandExecutor.execute(DriverCommandExecutor.java:82)
	at org.openqa.selenium.remote.RemoteWebDriver.execute(RemoteWebDriver.java:637)
	at org.openqa.selenium.remote.RemoteWebDriver.findElement(RemoteWebDriver.java:410)
	at org.openqa.selenium.remote.RemoteWebDriver.findElementById(RemoteWebDriver.java:453)
	at org.openqa.selenium.By$ById.findElement(By.java:218)
	at org.openqa.selenium.remote.RemoteWebDriver.findElement(RemoteWebDriver.java:402)
	at com.scp.testclasses.OrangeHRMLoginTest.check_user_login_with_valid_credetials_should_display_dashboard(OrangeHRMLoginTest.java:53)
	at sun.reflect.NativeMethodAccessorImpl.invoke0(Native Method)
	at sun.reflect.NativeMethodAccessorImpl.invoke(NativeMethodAccessorImpl.java:62)
	at sun.reflect.DelegatingMethodAccessorImpl.invoke(DelegatingMethodAccessorImpl.java:43)
	at java.lang.reflect.Method.invoke(Method.java:498)
	at org.testng.internal.MethodInvocationHelper.invokeMethod(MethodInvocationHelper.java:108)
	at org.testng.internal.Invoker.invokeMethod(Invoker.java:661)
	at org.testng.internal.Invoker.invokeTestMethod(Invoker.java:869)
	at org.testng.internal.Invoker.invokeTestMethods(Invoker.java:1193)
	at org.testng.internal.TestMethodWorker.invokeTestMethods(TestMethodWorker.java:126)
	at org.testng.internal.TestMethodWorker.run(TestMethodWorker.java:109)
	at org.testng.TestRunner.privateRun(TestRunner.java:744)
	at org.testng.TestRunner.run(TestRunner.java:602)
	at org.testng.SuiteRunner.runTest(SuiteRunner.java:380)
	at org.testng.SuiteRunner.runSequentially(SuiteRunner.java:375)
	at org.testng.SuiteRunner.privateRun(SuiteRunner.java:340)
	at org.testng.SuiteRunner.run(SuiteRunner.java:289)
	at org.testng.SuiteRunnerWorker.runSuite(SuiteRunnerWorker.java:52)
	at org.testng.SuiteRunnerWorker.run(SuiteRunnerWorker.java:86)
	at org.testng.TestNG.runSuitesSequentially(TestNG.java:1301)
	at org.testng.TestNG.runSuitesLocally(TestNG.java:1226)
	at org.testng.TestNG.runSuites(TestNG.java:1144)
	at org.testng.TestNG.run(TestNG.java:1115)
	at org.testng.remote.AbstractRemoteTestNG.run(AbstractRemoteTestNG.java:114)
	at org.testng.remote.RemoteTestNG.initAndRun(RemoteTestNG.java:251)
	at org.testng.remote.RemoteTestNG.main(RemoteTestNG.java:77)
]]>
            </full-stacktrace>
          </exception> <!-- org.openqa.selenium.NoSuchElementException -->
          <reporter-output>
          </reporter-output>
        </test-method> <!-- check_user_login_with_valid_credetials_should_display_dashboard -->
        <test-method status="PASS" signature="check_user_login_with_valid_credetials_should_display_dashboard_v2()[pri:0, instance:com.scp.testclasses.OrangeHRMLoginTest@14acaea5]" name="check_user_login_with_valid_credetials_should_display_dashboard_v2" duration-ms="22710" started-at="2018-04-14T14:02:16Z" finished-at="2018-04-14T14:02:38Z">
          <reporter-output>
          </reporter-output>
        </test-method> <!-- check_user_login_with_valid_credetials_should_display_dashboard_v2 -->
        <test-method status="PASS" signature="check_user_login_with_valid_credetials_should_display_dashboard_v3(java.lang.String, java.lang.String, java.lang.String)[pri:0, instance:com.scp.testclasses.OrangeHRMLoginTest@14acaea5]" name="check_user_login_with_valid_credetials_should_display_dashboard_v3" duration-ms="27128" started-at="2018-04-14T14:02:38Z" data-provider="userData" finished-at="2018-04-14T14:03:06Z">
          <params>
            <param index="0">
              <value>
                <![CDATA[admin]]>
              </value>
            </param>
            <param index="1">
              <value>
                <![CDATA[Admin]]>
              </value>
            </param>
            <param index="2">
              <value>
                <![CDATA[Invalid credentials]]>
              </value>
            </param>
          </params>
          <reporter-output>
          </reporter-output>
        </test-method> <!-- check_user_login_with_valid_credetials_should_display_dashboard_v3 -->
        <test-method status="PASS" signature="check_user_login_with_valid_credetials_should_display_dashboard_v3(java.lang.String, java.lang.String, java.lang.String)[pri:0, instance:com.scp.testclasses.OrangeHRMLoginTest@14acaea5]" name="check_user_login_with_valid_credetials_should_display_dashboard_v3" duration-ms="35214" started-at="2018-04-14T14:03:06Z" data-provider="userData" finished-at="2018-04-14T14:03:41Z">
          <params>
            <param index="0">
              <value>
                <![CDATA[]]>
              </value>
            </param>
            <param index="1">
              <value>
                <![CDATA[]]>
              </value>
            </param>
            <param index="2">
              <value>
                <![CDATA[Username cannot be empty]]>
              </value>
            </param>
          </params>
          <reporter-output>
          </reporter-output>
        </test-method> <!-- check_user_login_with_valid_credetials_should_display_dashboard_v3 -->
        <test-method status="PASS" signature="check_user_login_with_valid_credetials_should_display_dashboard_v3(java.lang.String, java.lang.String, java.lang.String)[pri:0, instance:com.scp.testclasses.OrangeHRMLoginTest@14acaea5]" name="check_user_login_with_valid_credetials_should_display_dashboard_v3" duration-ms="17964" started-at="2018-04-14T14:03:41Z" data-provider="userData" finished-at="2018-04-14T14:03:59Z">
          <params>
            <param index="0">
              <value>
                <![CDATA[]]>
              </value>
            </param>
            <param index="1">
              <value>
                <![CDATA[aaaas123]]>
              </value>
            </param>
            <param index="2">
              <value>
                <![CDATA[Username cannot be empty]]>
              </value>
            </param>
          </params>
          <reporter-output>
          </reporter-output>
        </test-method> <!-- check_user_login_with_valid_credetials_should_display_dashboard_v3 -->
        <test-method status="PASS" signature="check_user_login_with_valid_credetials_should_display_dashboard_v3(java.lang.String, java.lang.String, java.lang.String)[pri:0, instance:com.scp.testclasses.OrangeHRMLoginTest@14acaea5]" name="check_user_login_with_valid_credetials_should_display_dashboard_v3" duration-ms="24711" started-at="2018-04-14T14:03:59Z" data-provider="userData" finished-at="2018-04-14T14:04:24Z">
          <params>
            <param index="0">
              <value>
                <![CDATA[aaaa]]>
              </value>
            </param>
            <param index="1">
              <value>
                <![CDATA[sasasaaa]]>
              </value>
            </param>
            <param index="2">
              <value>
                <![CDATA[Invalid credentials]]>
              </value>
            </param>
          </params>
          <reporter-output>
          </reporter-output>
        </test-method> <!-- check_user_login_with_valid_credetials_should_display_dashboard_v3 -->
        <test-method status="PASS" signature="check_user_login_with_valid_credetials_should_display_dashboard_v3(java.lang.String, java.lang.String, java.lang.String)[pri:0, instance:com.scp.testclasses.OrangeHRMLoginTest@14acaea5]" name="check_user_login_with_valid_credetials_should_display_dashboard_v3" duration-ms="23945" started-at="2018-04-14T14:04:24Z" data-provider="userData" finished-at="2018-04-14T14:04:47Z">
          <params>
            <param index="0">
              <value>
                <![CDATA[aaaaaa]]>
              </value>
            </param>
            <param index="1">
              <value>
                <![CDATA[]]>
              </value>
            </param>
            <param index="2">
              <value>
                <![CDATA[Password cannot be empty]]>
              </value>
            </param>
          </params>
          <reporter-output>
          </reporter-output>
        </test-method> <!-- check_user_login_with_valid_credetials_should_display_dashboard_v3 -->
        <test-method status="PASS" signature="check_user_login_with_valid_credetials_should_display_dashboard_v3(java.lang.String, java.lang.String, java.lang.String)[pri:0, instance:com.scp.testclasses.OrangeHRMLoginTest@14acaea5]" name="check_user_login_with_valid_credetials_should_display_dashboard_v3" duration-ms="24795" started-at="2018-04-14T14:04:47Z" data-provider="userData" finished-at="2018-04-14T14:05:12Z">
          <params>
            <param index="0">
              <value>
                <![CDATA[Admin]]>
              </value>
            </param>
            <param index="1">
              <value>
                <![CDATA[Admin]]>
              </value>
            </param>
            <param index="2">
              <value>
                <![CDATA[Invalid credentials]]>
              </value>
            </param>
          </params>
          <reporter-output>
          </reporter-output>
        </test-method> <!-- check_user_login_with_valid_credetials_should_display_dashboard_v3 -->
        <test-method status="FAIL" signature="check_user_login_with_valid_credetials_should_display_dashboard_v3(java.lang.String, java.lang.String, java.lang.String)[pri:0, instance:com.scp.testclasses.OrangeHRMLoginTest@14acaea5]" name="check_user_login_with_valid_credetials_should_display_dashboard_v3" duration-ms="36097" started-at="2018-04-14T14:05:12Z" data-provider="userData" finished-at="2018-04-14T14:05:48Z">
          <params>
            <param index="0">
              <value>
                <![CDATA[admin]]>
              </value>
            </param>
            <param index="1">
              <value>
                <![CDATA[admin]]>
              </value>
            </param>
            <param index="2">
              <value>
                <![CDATA[Invalid credentials]]>
              </value>
            </param>
          </params>
          <exception class="java.lang.AssertionError">
            <message>
              <![CDATA[expected [Invalid credentials] but found [null]]]>
            </message>
            <full-stacktrace>
              <![CDATA[java.lang.AssertionError: expected [Invalid credentials] but found [null]
	at org.testng.Assert.fail(Assert.java:93)
	at org.testng.Assert.failNotEquals(Assert.java:512)
	at org.testng.Assert.assertEqualsImpl(Assert.java:129)
	at org.testng.Assert.assertEquals(Assert.java:115)
	at org.testng.Assert.assertEquals(Assert.java:189)
	at org.testng.Assert.assertEquals(Assert.java:199)
	at com.scp.testclasses.OrangeHRMLoginTest.check_user_login_with_valid_credetials_should_display_dashboard_v3(OrangeHRMLoginTest.java:166)
	at sun.reflect.NativeMethodAccessorImpl.invoke0(Native Method)
	at sun.reflect.NativeMethodAccessorImpl.invoke(NativeMethodAccessorImpl.java:62)
	at sun.reflect.DelegatingMethodAccessorImpl.invoke(DelegatingMethodAccessorImpl.java:43)
	at java.lang.reflect.Method.invoke(Method.java:498)
	at org.testng.internal.MethodInvocationHelper.invokeMethod(MethodInvocationHelper.java:108)
	at org.testng.internal.Invoker.invokeMethod(Invoker.java:661)
	at org.testng.internal.Invoker.invokeTestMethod(Invoker.java:869)
	at org.testng.internal.Invoker.invokeTestMethods(Invoker.java:1193)
	at org.testng.internal.TestMethodWorker.invokeTestMethods(TestMethodWorker.java:126)
	at org.testng.internal.TestMethodWorker.run(TestMethodWorker.java:109)
	at org.testng.TestRunner.privateRun(TestRunner.java:744)
	at org.testng.TestRunner.run(TestRunner.java:602)
	at org.testng.SuiteRunner.runTest(SuiteRunner.java:380)
	at org.testng.SuiteRunner.runSequentially(SuiteRunner.java:375)
	at org.testng.SuiteRunner.privateRun(SuiteRunner.java:340)
	at org.testng.SuiteRunner.run(SuiteRunner.java:289)
	at org.testng.SuiteRunnerWorker.runSuite(SuiteRunnerWorker.java:52)
	at org.testng.SuiteRunnerWorker.run(SuiteRunnerWorker.java:86)
	at org.testng.TestNG.runSuitesSequentially(TestNG.java:1301)
	at org.testng.TestNG.runSuitesLocally(TestNG.java:1226)
	at org.testng.TestNG.runSuites(TestNG.java:1144)
	at org.testng.TestNG.run(TestNG.java:1115)
	at org.testng.remote.AbstractRemoteTestNG.run(AbstractRemoteTestNG.java:114)
	at org.testng.remote.RemoteTestNG.initAndRun(RemoteTestNG.java:251)
	at org.testng.remote.RemoteTestNG.main(RemoteTestNG.java:77)
]]>
            </full-stacktrace>
          </exception> <!-- java.lang.AssertionError -->
          <reporter-output>
          </reporter-output>
        </test-method> <!-- check_user_login_with_valid_credetials_should_display_dashboard_v3 -->
        <test-method status="PASS" signature="check_user_login_with_valid_credetials_should_display_dashboard_v3(java.lang.String, java.lang.String, java.lang.String)[pri:0, instance:com.scp.testclasses.OrangeHRMLoginTest@14acaea5]" name="check_user_login_with_valid_credetials_should_display_dashboard_v3" duration-ms="51852" started-at="2018-04-14T14:05:48Z" data-provider="userData" finished-at="2018-04-14T14:06:40Z">
          <params>
            <param index="0">
              <value>
                <![CDATA[Admin]]>
              </value>
            </param>
            <param index="1">
              <value>
                <![CDATA[admin]]>
              </value>
            </param>
            <param index="2">
              <value>
                <![CDATA[Success]]>
              </value>
            </param>
          </params>
          <reporter-output>
          </reporter-output>
        </test-method> <!-- check_user_login_with_valid_credetials_should_display_dashboard_v3 -->
      </class> <!-- com.scp.testclasses.OrangeHRMLoginTest -->
    </test> <!-- Default test -->
  </suite> <!-- Default suite -->
</testng-results>
